mode: set
datingapp/tests/mocks/handlers.go:12.73,14.2 1 0
datingapp/tests/mocks/handlers.go:16.75,18.2 1 0
datingapp/tests/mocks/handlers.go:24.76,26.2 1 0
datingapp/tests/mocks/handlers.go:32.80,34.2 1 0
datingapp/tests/mocks/repositories.go:16.94,19.2 2 0
datingapp/tests/mocks/repositories.go:21.100,24.2 2 0
datingapp/tests/mocks/repositories.go:26.95,29.2 2 0
datingapp/tests/mocks/repositories.go:36.26,39.2 2 0
datingapp/tests/mocks/repositories.go:41.116,44.2 2 0
datingapp/tests/mocks/repositories.go:51.26,54.2 2 0
datingapp/tests/mocks/repositories.go:60.81,63.2 2 0
datingapp/tests/mocks/repositories.go:65.87,68.2 2 0
datingapp/tests/mocks/repositories.go:70.81,72.24 2 0
datingapp/tests/mocks/repositories.go:72.24,74.3 1 0
datingapp/tests/mocks/repositories.go:75.2,75.50 1 0
datingapp/tests/mocks/repositories.go:78.73,80.24 2 0
datingapp/tests/mocks/repositories.go:80.24,82.3 1 0
datingapp/tests/mocks/repositories.go:83.2,83.50 1 0
datingapp/tests/mocks/services.go:21.26,24.2 2 0
datingapp/tests/mocks/services.go:30.106,33.2 2 0
datingapp/tests/mocks/services.go:41.55,44.2 2 0
datingapp/tests/mocks/services.go:46.79,47.41 1 0
datingapp/tests/mocks/services.go:47.41,49.3 1 0
datingapp/tests/mocks/services.go:50.2,50.39 1 0
datingapp/tests/mocks/services.go:53.88,56.2 2 0
datingapp/tests/mocks/handlers.go:12.73,14.2 1 1
datingapp/tests/mocks/handlers.go:16.75,18.2 1 1
datingapp/tests/mocks/handlers.go:24.76,26.2 1 1
datingapp/tests/mocks/handlers.go:32.80,34.2 1 0
datingapp/tests/mocks/repositories.go:16.94,19.2 2 0
datingapp/tests/mocks/repositories.go:21.100,24.2 2 0
datingapp/tests/mocks/repositories.go:26.95,29.2 2 0
datingapp/tests/mocks/repositories.go:36.26,39.2 2 0
datingapp/tests/mocks/repositories.go:41.116,44.2 2 0
datingapp/tests/mocks/repositories.go:51.26,54.2 2 0
datingapp/tests/mocks/repositories.go:60.81,63.2 2 0
datingapp/tests/mocks/repositories.go:65.87,68.2 2 0
datingapp/tests/mocks/repositories.go:70.81,72.24 2 0
datingapp/tests/mocks/repositories.go:72.24,74.3 1 0
datingapp/tests/mocks/repositories.go:75.2,75.50 1 0
datingapp/tests/mocks/repositories.go:78.73,80.24 2 0
datingapp/tests/mocks/repositories.go:80.24,82.3 1 0
datingapp/tests/mocks/repositories.go:83.2,83.50 1 0
datingapp/tests/mocks/services.go:21.26,24.2 2 0
datingapp/tests/mocks/services.go:30.106,33.2 2 0
datingapp/tests/mocks/services.go:41.55,44.2 2 1
datingapp/tests/mocks/services.go:46.79,47.41 1 0
datingapp/tests/mocks/services.go:47.41,49.3 1 0
datingapp/tests/mocks/services.go:50.2,50.39 1 0
datingapp/tests/mocks/services.go:53.88,56.2 2 0
datingapp/tests/mocks/handlers.go:12.73,14.2 1 0
datingapp/tests/mocks/handlers.go:16.75,18.2 1 0
datingapp/tests/mocks/handlers.go:24.76,26.2 1 0
datingapp/tests/mocks/handlers.go:32.80,34.2 1 0
datingapp/tests/mocks/repositories.go:16.94,19.2 2 0
datingapp/tests/mocks/repositories.go:21.100,24.2 2 0
datingapp/tests/mocks/repositories.go:26.95,29.2 2 0
datingapp/tests/mocks/repositories.go:36.26,39.2 2 0
datingapp/tests/mocks/repositories.go:41.116,44.2 2 0
datingapp/tests/mocks/repositories.go:51.26,54.2 2 0
datingapp/tests/mocks/repositories.go:60.81,63.2 2 0
datingapp/tests/mocks/repositories.go:65.87,68.2 2 0
datingapp/tests/mocks/repositories.go:70.81,72.24 2 1
datingapp/tests/mocks/repositories.go:72.24,74.3 1 1
datingapp/tests/mocks/repositories.go:75.2,75.50 1 1
datingapp/tests/mocks/repositories.go:78.73,80.24 2 1
datingapp/tests/mocks/repositories.go:80.24,82.3 1 1
datingapp/tests/mocks/repositories.go:83.2,83.50 1 1
datingapp/tests/mocks/services.go:21.26,24.2 2 0
datingapp/tests/mocks/services.go:30.106,33.2 2 1
datingapp/tests/mocks/services.go:41.55,44.2 2 0
datingapp/tests/mocks/services.go:46.79,47.41 1 1
datingapp/tests/mocks/services.go:47.41,49.3 1 1
datingapp/tests/mocks/services.go:50.2,50.39 1 1
datingapp/tests/mocks/services.go:53.88,56.2 2 1
datingapp/tests/mocks/handlers.go:12.73,14.2 1 0
datingapp/tests/mocks/handlers.go:16.75,18.2 1 0
datingapp/tests/mocks/handlers.go:24.76,26.2 1 0
datingapp/tests/mocks/handlers.go:32.80,34.2 1 0
datingapp/tests/mocks/repositories.go:16.94,19.2 2 0
datingapp/tests/mocks/repositories.go:21.100,24.2 2 1
datingapp/tests/mocks/repositories.go:26.95,29.2 2 0
datingapp/tests/mocks/repositories.go:36.26,39.2 2 1
datingapp/tests/mocks/repositories.go:41.116,44.2 2 1
datingapp/tests/mocks/repositories.go:51.26,54.2 2 1
datingapp/tests/mocks/repositories.go:60.81,63.2 2 1
datingapp/tests/mocks/repositories.go:65.87,68.2 2 1
datingapp/tests/mocks/repositories.go:70.81,72.24 2 0
datingapp/tests/mocks/repositories.go:72.24,74.3 1 0
datingapp/tests/mocks/repositories.go:75.2,75.50 1 0
datingapp/tests/mocks/repositories.go:78.73,80.24 2 1
datingapp/tests/mocks/repositories.go:80.24,82.3 1 0
datingapp/tests/mocks/repositories.go:83.2,83.50 1 1
datingapp/tests/mocks/services.go:21.26,24.2 2 0
datingapp/tests/mocks/services.go:30.106,33.2 2 0
datingapp/tests/mocks/services.go:41.55,44.2 2 0
datingapp/tests/mocks/services.go:46.79,47.41 1 0
datingapp/tests/mocks/services.go:47.41,49.3 1 0
datingapp/tests/mocks/services.go:50.2,50.39 1 0
datingapp/tests/mocks/services.go:53.88,56.2 2 0
