mode: set
datingapp/tests/mocks/handlers.go:12.73,14.2 1 0
datingapp/tests/mocks/handlers.go:16.75,18.2 1 0
datingapp/tests/mocks/handlers.go:24.76,26.2 1 0
datingapp/tests/mocks/handlers.go:32.80,34.2 1 0
datingapp/tests/mocks/repositories.go:21.26,24.2 2 0
datingapp/tests/mocks/repositories.go:26.116,29.2 2 0
datingapp/tests/mocks/repositories.go:36.26,39.2 2 0
datingapp/tests/mocks/repositories.go:45.81,48.2 2 0
datingapp/tests/mocks/repositories.go:50.87,53.2 2 0
datingapp/tests/mocks/repositories.go:55.81,57.24 2 0
datingapp/tests/mocks/repositories.go:57.24,59.3 1 0
datingapp/tests/mocks/repositories.go:60.2,60.50 1 0
datingapp/tests/mocks/repositories.go:63.73,65.24 2 0
datingapp/tests/mocks/repositories.go:65.24,67.3 1 0
datingapp/tests/mocks/repositories.go:68.2,68.50 1 0
datingapp/tests/mocks/services.go:21.26,24.2 2 0
datingapp/tests/mocks/services.go:30.106,33.2 2 0
datingapp/tests/mocks/services.go:41.55,44.2 2 0
datingapp/tests/mocks/services.go:46.79,47.41 1 0
datingapp/tests/mocks/services.go:47.41,49.3 1 0
datingapp/tests/mocks/services.go:50.2,50.39 1 0
datingapp/tests/mocks/services.go:53.88,56.2 2 0
datingapp/tests/mocks/handlers.go:12.73,14.2 1 1
datingapp/tests/mocks/handlers.go:16.75,18.2 1 1
datingapp/tests/mocks/handlers.go:24.76,26.2 1 1
datingapp/tests/mocks/handlers.go:32.80,34.2 1 0
datingapp/tests/mocks/repositories.go:21.26,24.2 2 0
datingapp/tests/mocks/repositories.go:26.116,29.2 2 0
datingapp/tests/mocks/repositories.go:36.26,39.2 2 0
datingapp/tests/mocks/repositories.go:45.81,48.2 2 0
datingapp/tests/mocks/repositories.go:50.87,53.2 2 0
datingapp/tests/mocks/repositories.go:55.81,57.24 2 0
datingapp/tests/mocks/repositories.go:57.24,59.3 1 0
datingapp/tests/mocks/repositories.go:60.2,60.50 1 0
datingapp/tests/mocks/repositories.go:63.73,65.24 2 0
datingapp/tests/mocks/repositories.go:65.24,67.3 1 0
datingapp/tests/mocks/repositories.go:68.2,68.50 1 0
datingapp/tests/mocks/services.go:21.26,24.2 2 0
datingapp/tests/mocks/services.go:30.106,33.2 2 0
datingapp/tests/mocks/services.go:41.55,44.2 2 1
datingapp/tests/mocks/services.go:46.79,47.41 1 0
datingapp/tests/mocks/services.go:47.41,49.3 1 0
datingapp/tests/mocks/services.go:50.2,50.39 1 0
datingapp/tests/mocks/services.go:53.88,56.2 2 0
datingapp/tests/mocks/handlers.go:12.73,14.2 1 0
datingapp/tests/mocks/handlers.go:16.75,18.2 1 0
datingapp/tests/mocks/handlers.go:24.76,26.2 1 0
datingapp/tests/mocks/handlers.go:32.80,34.2 1 0
datingapp/tests/mocks/repositories.go:21.26,24.2 2 0
datingapp/tests/mocks/repositories.go:26.116,29.2 2 0
datingapp/tests/mocks/repositories.go:36.26,39.2 2 0
datingapp/tests/mocks/repositories.go:45.81,48.2 2 0
datingapp/tests/mocks/repositories.go:50.87,53.2 2 0
datingapp/tests/mocks/repositories.go:55.81,57.24 2 1
datingapp/tests/mocks/repositories.go:57.24,59.3 1 1
datingapp/tests/mocks/repositories.go:60.2,60.50 1 1
datingapp/tests/mocks/repositories.go:63.73,65.24 2 1
datingapp/tests/mocks/repositories.go:65.24,67.3 1 1
datingapp/tests/mocks/repositories.go:68.2,68.50 1 1
datingapp/tests/mocks/services.go:21.26,24.2 2 0
datingapp/tests/mocks/services.go:30.106,33.2 2 1
datingapp/tests/mocks/services.go:41.55,44.2 2 0
datingapp/tests/mocks/services.go:46.79,47.41 1 1
datingapp/tests/mocks/services.go:47.41,49.3 1 1
datingapp/tests/mocks/services.go:50.2,50.39 1 1
datingapp/tests/mocks/services.go:53.88,56.2 2 1
datingapp/tests/mocks/handlers.go:12.73,14.2 1 0
datingapp/tests/mocks/handlers.go:16.75,18.2 1 0
datingapp/tests/mocks/handlers.go:24.76,26.2 1 0
datingapp/tests/mocks/handlers.go:32.80,34.2 1 0
datingapp/tests/mocks/repositories.go:21.26,24.2 2 0
datingapp/tests/mocks/repositories.go:26.116,29.2 2 0
datingapp/tests/mocks/repositories.go:36.26,39.2 2 0
datingapp/tests/mocks/repositories.go:45.81,48.2 2 1
datingapp/tests/mocks/repositories.go:50.87,53.2 2 1
datingapp/tests/mocks/repositories.go:55.81,57.24 2 0
datingapp/tests/mocks/repositories.go:57.24,59.3 1 0
datingapp/tests/mocks/repositories.go:60.2,60.50 1 0
datingapp/tests/mocks/repositories.go:63.73,65.24 2 0
datingapp/tests/mocks/repositories.go:65.24,67.3 1 0
datingapp/tests/mocks/repositories.go:68.2,68.50 1 0
datingapp/tests/mocks/services.go:21.26,24.2 2 0
datingapp/tests/mocks/services.go:30.106,33.2 2 0
datingapp/tests/mocks/services.go:41.55,44.2 2 0
datingapp/tests/mocks/services.go:46.79,47.41 1 0
datingapp/tests/mocks/services.go:47.41,49.3 1 0
datingapp/tests/mocks/services.go:50.2,50.39 1 0
datingapp/tests/mocks/services.go:53.88,56.2 2 0
